

<!DOCTYPE html>
<html>
<head>
	<meta charset='utf-8' /> 
	<meta name='description' content='' />
	<meta name='robots' content='noodp, noydir' />
	<meta name='viewport' content='width=device-width, initial-scale=1' />
	<meta id="timeStampFormat" name="timeStampFormat" content='MMM d, yyyy hh:mm:ss a'/>
	
	<link href='https://fonts.googleapis.com/css?family=Source+Sans+Pro:400,600' rel='stylesheet' type='text/css' />
	<link href="https://fonts.googleapis.com/icon?family=Material+Icons" rel="stylesheet" />
	<link href='https://cdn.rawgit.com/extent-framework/extent-github-cdn/b65cd69/v3html/css/extent.css' type='text/css' rel='stylesheet' />
	
	<title>Automation Report</title>

	<style type='text/css'>
		/* json-tree */
		.jstBracket,.jstComma,.jstValue{white-space:pre-wrap}.jstValue{font-size:10px;font-weight:400;font-family:"Lucida Console",Monaco,monospace}.jstProperty{color:#666;word-wrap:break-word}.jstBool{color:#2525CC}.jstNum{color:#D036D0}.jstNull{color:gray}.jstStr{color:#2DB669}.jstFold:after{content:' -';cursor:pointer}.jstExpand{white-space:normal}.jstExpand:after{content:' +';cursor:pointer}.jstFolded{white-space:normal!important}.jstHiddenBlock{display:none}
	</style>
	
	<script type="text/javascript">
		/*! json-tree - v0.2.2 - 2017-09-25, MIT LICENSE */
		var JSONTree=function(){var n={"&":"&amp;","<":"&lt;",">":"&gt;",'"':"&quot;","'":"&#x27;","/":"&#x2F;"},t=0,r=0;this.create=function(n,t){return r+=1,N(u(n,0,!1),{class:"jstValue"})};var e=function(t){return t.replace(/[&<>'"]/g,function(t){return n[t]})},s=function(){return r+"_"+t++},u=function(n,t,r){if(null===n)return f(r?t:0);switch(typeof n){case"boolean":return l(n,r?t:0);case"number":return i(n,r?t:0);case"string":return o(n,r?t:0);default:return n instanceof Array?a(n,t,r):c(n,t,r)}},c=function(n,t,r){var e=s(),u=Object.keys(n).map(function(r){return j(r,n[r],t+1,!0)}).join(m()),c=[g("{",r?t:0,e),N(u,{id:e}),p("}",t)].join("\n");return N(c,{})},a=function(n,t,r){var e=s(),c=n.map(function(n){return u(n,t+1,!0)}).join(m());return[g("[",r?t:0,e),N(c,{id:e}),p("]",t)].join("\n")},o=function(n,t){var r=e(JSON.stringify(n));return N(v(r,t),{class:"jstStr"})},i=function(n,t){return N(v(n,t),{class:"jstNum"})},l=function(n,t){return N(v(n,t),{class:"jstBool"})},f=function(n){return N(v("null",n),{class:"jstNull"})},j=function(n,t,r){var s=v(e(JSON.stringify(n))+": ",r),c=N(u(t,r,!1),{});return N(s+c,{class:"jstProperty"})},m=function(){return N(",\n",{class:"jstComma"})},N=function(n,t){return d("span",t,n)},d=function(n,t,r){return"<"+n+Object.keys(t).map(function(n){return" "+n+'="'+t[n]+'"'}).join("")+">"+r+"</"+n+">"},g=function(n,t,r){return N(v(n,t),{class:"jstBracket"})+N("",{class:"jstFold",onclick:"JSONTree.toggle('"+r+"')"})};this.toggle=function(n){var t=document.getElementById(n),r=t.parentNode,e=t.previousElementSibling;""===t.className?(t.className="jstHiddenBlock",r.className="jstFolded",e.className="jstExpand"):(t.className="",r.className="",e.className="jstFold")};var p=function(n,t){return N(v(n,t),{})},v=function(n,t){return Array(2*t+1).join(" ")+n};return this}();
	</script>
</head>
	<body class='extent dark default hide-overflow '>
		<div id='theme-selector' alt='Click to toggle theme. To enable by default, use theme configuration.' title='Click to toggle theme. To enable by default, use theme configuration.'>
			<span><i class='material-icons'>desktop_windows</i></span>
		</div>
<nav>
	<div class="nav-wrapper">
		<a href="#!" class="brand-logo black"><img src="https://cdn.rawgit.com/extent-framework/extent-github-cdn/d74480e/commons/img/logo.png"></a>
		<!-- slideout menu -->
		<ul id='slide-out' class='side-nav fixed hide-on-med-and-down'>
			<li class='waves-effect active'><a href='#!' view='test-view' onclick="configureView(0);chartsView('test');"><i class='material-icons'>dashboard</i></a></li>
						<li class='waves-effect'><a href='#!' onclick="configureView(-1);chartsView('dashboard');" view='dashboard-view'><i class='material-icons'>track_changes</i></a></li>
		</ul>
		<!-- report name -->
		<span class='report-name'>Functional Testing</span>
		<!-- report headline -->
		<span class='report-headline'></span>
		<!-- nav-right -->
		<ul id='nav-mobile' class='right hide-on-med-and-down nav-right'>
			<a href='#!'>
			<span class='label blue darken-3 suite-start-time'>Sep 22, 2022 05:30:50 PM</span>
			</a>
		</ul>
	</div>
</nav>		<!-- container -->
		<div class='container'>
<div id='test-view' class='view'>
	<section id='controls'>
		<div class='controls grey lighten-4'>
			<!-- test toggle -->
			<div class='chip transparent'>
				<a class='dropdown-button tests-toggle' data-activates='tests-toggle' data-constrainwidth='true' data-beloworigin='true' data-hover='true' href='#'>
				<i class='material-icons'>warning</i> Status
				</a>
				<ul id='tests-toggle' class='dropdown-content'>
										<li status='pass'><a href='#!'>Pass <i class='material-icons green-text'>check_circle</i></a></li>
					<li status='fail'><a href='#!'>Fail <i class='material-icons red-text'>cancel</i></a></li>
					<li class='divider'></li>
					<li status='clear' clear='true'><a href='#!'>Clear Filters <i class='material-icons'>clear</i></a></li>
				</ul>
			</div>
			<!-- test toggle -->
			<!-- category toggle -->
			<!-- category toggle -->
			<!-- clear filters -->
			<div class='chip transparent hide'>
				<a class='' id='clear-filters' alt='Clear Filters' title='Clear Filters'>
				<i class='material-icons'>close</i> Clear
				</a>
			</div>
			<!-- clear filters -->
			<!-- enable dashboard -->
			<div id='toggle-test-view-charts' class='chip transparent'>
				<a class='pink-text' id='enable-dashboard' alt='Enable Dashboard' title='Enable Dashboard'>
				<i class='material-icons'>track_changes</i> Dashboard
				</a>
			</div>
			<!-- enable dashboard -->
			<!-- search -->
			<div class='chip transparent' alt='Search Tests' title='Search Tests'>
				<a href="#" class='search-div'>
				<i class='material-icons'>search</i> Search
				</a>
				<div class='input-field left hide'>
					<input id='search-tests' type='text' class='validate browser-default' placeholder='Search Tests...'>
				</div>
			</div>
			<!-- search -->
		</div>
	</section>
<div id='test-view-charts' class='subview-full'>
    <div id='charts-row' class='row nm-v nm-h'>
        <div class='col s12 m12 l12 np-h'>
            <div class='card-panel nm-v'>
                <div class='left panel-name'>Tests</div>
                <div class='chart-box' style="max-height:94px;">
                    <canvas id='parent-analysis' width='90' height='70'></canvas>
                </div>
                <div class='block text-small'>
                    <span class='tooltipped' data-position='top' data-tooltip='69.811%'><span class='strong'>37</span> test(s) passed</span>
                </div>
                <div class='block text-small'>
                    <span class='strong tooltipped' data-position='top' data-tooltip='30.189%'>16</span> test(s) failed, <span class='strong tooltipped' data-position='top' data-tooltip='0%'>0</span> others
                </div>
            </div>
        </div>
    </div>
    <div id="timeline-chart" class="row nm-v nm-h">
        <div class="col s12 m12 l12 np-h">
            <div class="card-panel">
                <div class='left panel-name'>Timeline (seconds)</div>
                <div class="chart-box" style="width:98%;max-height:145px;">
                    <canvas id="timeline" height="120"></canvas>
                </div>
            </div>
        </div>
    </div>
</div>	<div class='subview-left left'>
		<div class='view-summary'>
			<ul id='test-collection' class='test-collection'>
				<li class='test displayed active  pass' status='pass' bdd='false' test-id='1'>
					<div class='test-heading'>
						<span class='test-name'>JMB_CASignUp_001</span>
						<span class='test-time'>Sep 22, 2022 05:30:56 PM</span>
						<span class='test-status right pass'>pass</span>
					</div>
					<div class='test-content hide'>
<div class='test-time-info'>
	<span class='label start-time'>Sep 22, 2022 05:30:56 PM</span>
	<span class='label end-time'>Sep 22, 2022 05:30:56 PM</span>
	<span class='label time-taken grey lighten-1 white-text'>0h 0m 0s+1ms</span>
</div>
<div class='test-steps'>
	<table class='bordered table-results'>
		<thead>
			<tr>
				<th>Status</th>
				<th>Timestamp</th>
				<th>Details</th>
			</tr>
		</thead>
		<tbody>
			<tr class='log' status='pass'>
				<td class='status pass' title='pass' alt='pass'><i class='material-icons'>check_circle</i></td>
				<td class='timestamp'>5:30:56 PM</td>
				<td class='step-details'>
						Test Case PASSED IS JMB_CASignUp_001
					
				</td>
			</tr>
		</tbody>
	</table>
</div>
					</div>
				</li>
				<li class='test displayed active  pass' status='pass' bdd='false' test-id='2'>
					<div class='test-heading'>
						<span class='test-name'>JMB_CASignUp_002</span>
						<span class='test-time'>Sep 22, 2022 05:31:02 PM</span>
						<span class='test-status right pass'>pass</span>
					</div>
					<div class='test-content hide'>
<div class='test-time-info'>
	<span class='label start-time'>Sep 22, 2022 05:31:02 PM</span>
	<span class='label end-time'>Sep 22, 2022 05:31:02 PM</span>
	<span class='label time-taken grey lighten-1 white-text'>0h 0m 0s+0ms</span>
</div>
<div class='test-steps'>
	<table class='bordered table-results'>
		<thead>
			<tr>
				<th>Status</th>
				<th>Timestamp</th>
				<th>Details</th>
			</tr>
		</thead>
		<tbody>
			<tr class='log' status='pass'>
				<td class='status pass' title='pass' alt='pass'><i class='material-icons'>check_circle</i></td>
				<td class='timestamp'>5:31:02 PM</td>
				<td class='step-details'>
						Test Case PASSED IS JMB_CASignUp_002
					
				</td>
			</tr>
		</tbody>
	</table>
</div>
					</div>
				</li>
				<li class='test displayed active  fail' status='fail' bdd='false' test-id='3'>
					<div class='test-heading'>
						<span class='test-name'>JMB_CASignUp_003</span>
						<span class='test-time'>Sep 22, 2022 05:31:08 PM</span>
						<span class='test-status right fail'>fail</span>
					</div>
					<div class='test-content hide'>
<div class='test-time-info'>
	<span class='label start-time'>Sep 22, 2022 05:31:08 PM</span>
	<span class='label end-time'>Sep 22, 2022 05:31:08 PM</span>
	<span class='label time-taken grey lighten-1 white-text'>0h 0m 0s+360ms</span>
</div>
<div class='test-steps'>
	<table class='bordered table-results'>
		<thead>
			<tr>
				<th>Status</th>
				<th>Timestamp</th>
				<th>Details</th>
			</tr>
		</thead>
		<tbody>
			<tr class='log' status='error'>
				<td class='status error' title='error' alt='error'><i class='material-icons'>error</i></td>
				<td class='timestamp'>5:31:08 PM</td>
				<td class='step-details'>
						Test Case: JMB_CASignUp_003 FAILED
					
				</td>
			</tr>
			<tr class='log' status='fail'>
				<td class='status fail' title='fail' alt='fail'><i class='material-icons'>cancel</i></td>
				<td class='timestamp'>5:31:08 PM</td>
				<td class='step-details'>
						TEST CASE FAILED TO java.lang.AssertionError: The following asserts failed:
	Test Failed! Message is: Please enter valid first name expected [true] but found [false]
					
				</td>
			</tr>
			<tr class='log' status='fail'>
				<td class='status fail' title='fail' alt='fail'><i class='material-icons'>cancel</i></td>
				<td class='timestamp'>5:31:08 PM</td>
				<td class='step-details'>
						Screenshot
					
				</td>
			</tr>
		</tbody>
	</table>
</div>
						<ul class='screenshots'>
							<li><img class='r-img' onerror='this.style.display="none"' data-featherlight='test-output.7/ScreenshotsJMB_CASignUp_003.png' src='test-output.7/ScreenshotsJMB_CASignUp_003.png' data-src='test-output.7/ScreenshotsJMB_CASignUp_003.png'></li>
						</ul>
					</div>
				</li>
				<li class='test displayed active  pass' status='pass' bdd='false' test-id='4'>
					<div class='test-heading'>
						<span class='test-name'>JMB_CASignUp_004</span>
						<span class='test-time'>Sep 22, 2022 05:31:14 PM</span>
						<span class='test-status right pass'>pass</span>
					</div>
					<div class='test-content hide'>
<div class='test-time-info'>
	<span class='label start-time'>Sep 22, 2022 05:31:14 PM</span>
	<span class='label end-time'>Sep 22, 2022 05:31:14 PM</span>
	<span class='label time-taken grey lighten-1 white-text'>0h 0m 0s+0ms</span>
</div>
<div class='test-steps'>
	<table class='bordered table-results'>
		<thead>
			<tr>
				<th>Status</th>
				<th>Timestamp</th>
				<th>Details</th>
			</tr>
		</thead>
		<tbody>
			<tr class='log' status='pass'>
				<td class='status pass' title='pass' alt='pass'><i class='material-icons'>check_circle</i></td>
				<td class='timestamp'>5:31:14 PM</td>
				<td class='step-details'>
						Test Case PASSED IS JMB_CASignUp_004
					
				</td>
			</tr>
		</tbody>
	</table>
</div>
					</div>
				</li>
				<li class='test displayed active  pass' status='pass' bdd='false' test-id='5'>
					<div class='test-heading'>
						<span class='test-name'>JMB_CASignUp_005</span>
						<span class='test-time'>Sep 22, 2022 05:31:19 PM</span>
						<span class='test-status right pass'>pass</span>
					</div>
					<div class='test-content hide'>
<div class='test-time-info'>
	<span class='label start-time'>Sep 22, 2022 05:31:19 PM</span>
	<span class='label end-time'>Sep 22, 2022 05:31:19 PM</span>
	<span class='label time-taken grey lighten-1 white-text'>0h 0m 0s+0ms</span>
</div>
<div class='test-steps'>
	<table class='bordered table-results'>
		<thead>
			<tr>
				<th>Status</th>
				<th>Timestamp</th>
				<th>Details</th>
			</tr>
		</thead>
		<tbody>
			<tr class='log' status='pass'>
				<td class='status pass' title='pass' alt='pass'><i class='material-icons'>check_circle</i></td>
				<td class='timestamp'>5:31:19 PM</td>
				<td class='step-details'>
						Test Case PASSED IS JMB_CASignUp_005
					
				</td>
			</tr>
		</tbody>
	</table>
</div>
					</div>
				</li>
				<li class='test displayed active  pass' status='pass' bdd='false' test-id='6'>
					<div class='test-heading'>
						<span class='test-name'>JMB_CASignUp_006</span>
						<span class='test-time'>Sep 22, 2022 05:31:25 PM</span>
						<span class='test-status right pass'>pass</span>
					</div>
					<div class='test-content hide'>
<div class='test-time-info'>
	<span class='label start-time'>Sep 22, 2022 05:31:25 PM</span>
	<span class='label end-time'>Sep 22, 2022 05:31:25 PM</span>
	<span class='label time-taken grey lighten-1 white-text'>0h 0m 0s+0ms</span>
</div>
<div class='test-steps'>
	<table class='bordered table-results'>
		<thead>
			<tr>
				<th>Status</th>
				<th>Timestamp</th>
				<th>Details</th>
			</tr>
		</thead>
		<tbody>
			<tr class='log' status='pass'>
				<td class='status pass' title='pass' alt='pass'><i class='material-icons'>check_circle</i></td>
				<td class='timestamp'>5:31:25 PM</td>
				<td class='step-details'>
						Test Case PASSED IS JMB_CASignUp_006
					
				</td>
			</tr>
		</tbody>
	</table>
</div>
					</div>
				</li>
				<li class='test displayed active  fail' status='fail' bdd='false' test-id='7'>
					<div class='test-heading'>
						<span class='test-name'>JMB_CASignUp_007</span>
						<span class='test-time'>Sep 22, 2022 05:31:30 PM</span>
						<span class='test-status right fail'>fail</span>
					</div>
					<div class='test-content hide'>
<div class='test-time-info'>
	<span class='label start-time'>Sep 22, 2022 05:31:30 PM</span>
	<span class='label end-time'>Sep 22, 2022 05:31:30 PM</span>
	<span class='label time-taken grey lighten-1 white-text'>0h 0m 0s+385ms</span>
</div>
<div class='test-steps'>
	<table class='bordered table-results'>
		<thead>
			<tr>
				<th>Status</th>
				<th>Timestamp</th>
				<th>Details</th>
			</tr>
		</thead>
		<tbody>
			<tr class='log' status='error'>
				<td class='status error' title='error' alt='error'><i class='material-icons'>error</i></td>
				<td class='timestamp'>5:31:30 PM</td>
				<td class='step-details'>
						Test Case: JMB_CASignUp_007 FAILED
					
				</td>
			</tr>
			<tr class='log' status='fail'>
				<td class='status fail' title='fail' alt='fail'><i class='material-icons'>cancel</i></td>
				<td class='timestamp'>5:31:30 PM</td>
				<td class='step-details'>
						TEST CASE FAILED TO java.lang.AssertionError: The following asserts failed:
	Test Failed! Message is: Please enter valid first name expected [true] but found [false]
					
				</td>
			</tr>
			<tr class='log' status='fail'>
				<td class='status fail' title='fail' alt='fail'><i class='material-icons'>cancel</i></td>
				<td class='timestamp'>5:31:30 PM</td>
				<td class='step-details'>
						Screenshot
					
				</td>
			</tr>
		</tbody>
	</table>
</div>
						<ul class='screenshots'>
							<li><img class='r-img' onerror='this.style.display="none"' data-featherlight='C:\Users\Roman Yarmolenko\IdeaProjects\JomboneAuto//ScreenshotsJMB_CASignUp_007.png' src='C:\Users\Roman Yarmolenko\IdeaProjects\JomboneAuto//ScreenshotsJMB_CASignUp_007.png' data-src='C:\Users\Roman Yarmolenko\IdeaProjects\JomboneAuto//ScreenshotsJMB_CASignUp_007.png'></li>
						</ul>
					</div>
				</li>
				<li class='test displayed active  pass' status='pass' bdd='false' test-id='8'>
					<div class='test-heading'>
						<span class='test-name'>JMB_CASignUp_008</span>
						<span class='test-time'>Sep 22, 2022 05:31:35 PM</span>
						<span class='test-status right pass'>pass</span>
					</div>
					<div class='test-content hide'>
<div class='test-time-info'>
	<span class='label start-time'>Sep 22, 2022 05:31:35 PM</span>
	<span class='label end-time'>Sep 22, 2022 05:31:35 PM</span>
	<span class='label time-taken grey lighten-1 white-text'>0h 0m 0s+0ms</span>
</div>
<div class='test-steps'>
	<table class='bordered table-results'>
		<thead>
			<tr>
				<th>Status</th>
				<th>Timestamp</th>
				<th>Details</th>
			</tr>
		</thead>
		<tbody>
			<tr class='log' status='pass'>
				<td class='status pass' title='pass' alt='pass'><i class='material-icons'>check_circle</i></td>
				<td class='timestamp'>5:31:35 PM</td>
				<td class='step-details'>
						Test Case PASSED IS JMB_CASignUp_008
					
				</td>
			</tr>
		</tbody>
	</table>
</div>
					</div>
				</li>
				<li class='test displayed active  fail' status='fail' bdd='false' test-id='9'>
					<div class='test-heading'>
						<span class='test-name'>JMB_CASignUp_009</span>
						<span class='test-time'>Sep 22, 2022 05:31:42 PM</span>
						<span class='test-status right fail'>fail</span>
					</div>
					<div class='test-content hide'>
<div class='test-time-info'>
	<span class='label start-time'>Sep 22, 2022 05:31:42 PM</span>
	<span class='label end-time'>Sep 22, 2022 05:31:42 PM</span>
	<span class='label time-taken grey lighten-1 white-text'>0h 0m 0s+331ms</span>
</div>
<div class='test-steps'>
	<table class='bordered table-results'>
		<thead>
			<tr>
				<th>Status</th>
				<th>Timestamp</th>
				<th>Details</th>
			</tr>
		</thead>
		<tbody>
			<tr class='log' status='error'>
				<td class='status error' title='error' alt='error'><i class='material-icons'>error</i></td>
				<td class='timestamp'>5:31:42 PM</td>
				<td class='step-details'>
						Test Case: JMB_CASignUp_009 FAILED
					
				</td>
			</tr>
			<tr class='log' status='fail'>
				<td class='status fail' title='fail' alt='fail'><i class='material-icons'>cancel</i></td>
				<td class='timestamp'>5:31:42 PM</td>
				<td class='step-details'>
						TEST CASE FAILED TO java.lang.AssertionError: The following asserts failed:
	Test Failed! Message is: Please enter valid last name expected [true] but found [false]
					
				</td>
			</tr>
			<tr class='log' status='fail'>
				<td class='status fail' title='fail' alt='fail'><i class='material-icons'>cancel</i></td>
				<td class='timestamp'>5:31:42 PM</td>
				<td class='step-details'>
						Screenshot
					
				</td>
			</tr>
		</tbody>
	</table>
</div>
						<ul class='screenshots'>
							<li><img class='r-img' onerror='this.style.display="none"' data-featherlight='C:\Users\Roman Yarmolenko\IdeaProjects\JomboneAuto//ScreenshotsJMB_CASignUp_009.png' src='C:\Users\Roman Yarmolenko\IdeaProjects\JomboneAuto//ScreenshotsJMB_CASignUp_009.png' data-src='C:\Users\Roman Yarmolenko\IdeaProjects\JomboneAuto//ScreenshotsJMB_CASignUp_009.png'></li>
						</ul>
					</div>
				</li>
				<li class='test displayed active  fail' status='fail' bdd='false' test-id='10'>
					<div class='test-heading'>
						<span class='test-name'>JMB_CASignUp_010</span>
						<span class='test-time'>Sep 22, 2022 05:31:48 PM</span>
						<span class='test-status right fail'>fail</span>
					</div>
					<div class='test-content hide'>
<div class='test-time-info'>
	<span class='label start-time'>Sep 22, 2022 05:31:48 PM</span>
	<span class='label end-time'>Sep 22, 2022 05:31:49 PM</span>
	<span class='label time-taken grey lighten-1 white-text'>0h 0m 0s+462ms</span>
</div>
<div class='test-steps'>
	<table class='bordered table-results'>
		<thead>
			<tr>
				<th>Status</th>
				<th>Timestamp</th>
				<th>Details</th>
			</tr>
		</thead>
		<tbody>
			<tr class='log' status='error'>
				<td class='status error' title='error' alt='error'><i class='material-icons'>error</i></td>
				<td class='timestamp'>5:31:49 PM</td>
				<td class='step-details'>
						Test Case: JMB_CASignUp_010 FAILED
					
				</td>
			</tr>
			<tr class='log' status='fail'>
				<td class='status fail' title='fail' alt='fail'><i class='material-icons'>cancel</i></td>
				<td class='timestamp'>5:31:49 PM</td>
				<td class='step-details'>
						TEST CASE FAILED TO java.lang.AssertionError: The following asserts failed:
	Test Failed! Message is: Please enter last name expected [true] but found [false]
					
				</td>
			</tr>
			<tr class='log' status='fail'>
				<td class='status fail' title='fail' alt='fail'><i class='material-icons'>cancel</i></td>
				<td class='timestamp'>5:31:49 PM</td>
				<td class='step-details'>
						Screenshot
					
				</td>
			</tr>
		</tbody>
	</table>
</div>
						<ul class='screenshots'>
							<li><img class='r-img' onerror='this.style.display="none"' data-featherlight='C:\Users\Roman Yarmolenko\IdeaProjects\JomboneAuto//ScreenshotsJMB_CASignUp_010.png' src='C:\Users\Roman Yarmolenko\IdeaProjects\JomboneAuto//ScreenshotsJMB_CASignUp_010.png' data-src='C:\Users\Roman Yarmolenko\IdeaProjects\JomboneAuto//ScreenshotsJMB_CASignUp_010.png'></li>
						</ul>
					</div>
				</li>
				<li class='test displayed active  pass' status='pass' bdd='false' test-id='11'>
					<div class='test-heading'>
						<span class='test-name'>JMB_CASignUp_011</span>
						<span class='test-time'>Sep 22, 2022 05:31:54 PM</span>
						<span class='test-status right pass'>pass</span>
					</div>
					<div class='test-content hide'>
<div class='test-time-info'>
	<span class='label start-time'>Sep 22, 2022 05:31:54 PM</span>
	<span class='label end-time'>Sep 22, 2022 05:31:54 PM</span>
	<span class='label time-taken grey lighten-1 white-text'>0h 0m 0s+0ms</span>
</div>
<div class='test-steps'>
	<table class='bordered table-results'>
		<thead>
			<tr>
				<th>Status</th>
				<th>Timestamp</th>
				<th>Details</th>
			</tr>
		</thead>
		<tbody>
			<tr class='log' status='pass'>
				<td class='status pass' title='pass' alt='pass'><i class='material-icons'>check_circle</i></td>
				<td class='timestamp'>5:31:54 PM</td>
				<td class='step-details'>
						Test Case PASSED IS JMB_CASignUp_011
					
				</td>
			</tr>
		</tbody>
	</table>
</div>
					</div>
				</li>
				<li class='test displayed active  pass' status='pass' bdd='false' test-id='12'>
					<div class='test-heading'>
						<span class='test-name'>JMB_CASignUp_012</span>
						<span class='test-time'>Sep 22, 2022 05:32:00 PM</span>
						<span class='test-status right pass'>pass</span>
					</div>
					<div class='test-content hide'>
<div class='test-time-info'>
	<span class='label start-time'>Sep 22, 2022 05:32:00 PM</span>
	<span class='label end-time'>Sep 22, 2022 05:32:00 PM</span>
	<span class='label time-taken grey lighten-1 white-text'>0h 0m 0s+0ms</span>
</div>
<div class='test-steps'>
	<table class='bordered table-results'>
		<thead>
			<tr>
				<th>Status</th>
				<th>Timestamp</th>
				<th>Details</th>
			</tr>
		</thead>
		<tbody>
			<tr class='log' status='pass'>
				<td class='status pass' title='pass' alt='pass'><i class='material-icons'>check_circle</i></td>
				<td class='timestamp'>5:32:00 PM</td>
				<td class='step-details'>
						Test Case PASSED IS JMB_CASignUp_012
					
				</td>
			</tr>
		</tbody>
	</table>
</div>
					</div>
				</li>
				<li class='test displayed active  fail' status='fail' bdd='false' test-id='13'>
					<div class='test-heading'>
						<span class='test-name'>JMB_CASignUp_013</span>
						<span class='test-time'>Sep 22, 2022 05:32:05 PM</span>
						<span class='test-status right fail'>fail</span>
					</div>
					<div class='test-content hide'>
<div class='test-time-info'>
	<span class='label start-time'>Sep 22, 2022 05:32:05 PM</span>
	<span class='label end-time'>Sep 22, 2022 05:32:06 PM</span>
	<span class='label time-taken grey lighten-1 white-text'>0h 0m 0s+366ms</span>
</div>
<div class='test-steps'>
	<table class='bordered table-results'>
		<thead>
			<tr>
				<th>Status</th>
				<th>Timestamp</th>
				<th>Details</th>
			</tr>
		</thead>
		<tbody>
			<tr class='log' status='error'>
				<td class='status error' title='error' alt='error'><i class='material-icons'>error</i></td>
				<td class='timestamp'>5:32:06 PM</td>
				<td class='step-details'>
						Test Case: JMB_CASignUp_013 FAILED
					
				</td>
			</tr>
			<tr class='log' status='fail'>
				<td class='status fail' title='fail' alt='fail'><i class='material-icons'>cancel</i></td>
				<td class='timestamp'>5:32:06 PM</td>
				<td class='step-details'>
						TEST CASE FAILED TO java.lang.AssertionError: The following asserts failed:
	Test Failed! Message is: Please enter valid last name expected [true] but found [false]
					
				</td>
			</tr>
			<tr class='log' status='fail'>
				<td class='status fail' title='fail' alt='fail'><i class='material-icons'>cancel</i></td>
				<td class='timestamp'>5:32:06 PM</td>
				<td class='step-details'>
						Screenshot
					
				</td>
			</tr>
		</tbody>
	</table>
</div>
						<ul class='screenshots'>
							<li><img class='r-img' onerror='this.style.display="none"' data-featherlight='C:\Users\Roman Yarmolenko\IdeaProjects\JomboneAuto//ScreenshotsJMB_CASignUp_013.png' src='C:\Users\Roman Yarmolenko\IdeaProjects\JomboneAuto//ScreenshotsJMB_CASignUp_013.png' data-src='C:\Users\Roman Yarmolenko\IdeaProjects\JomboneAuto//ScreenshotsJMB_CASignUp_013.png'></li>
						</ul>
					</div>
				</li>
				<li class='test displayed active  fail' status='fail' bdd='false' test-id='14'>
					<div class='test-heading'>
						<span class='test-name'>JMB_CASignUp_014</span>
						<span class='test-time'>Sep 22, 2022 05:32:11 PM</span>
						<span class='test-status right fail'>fail</span>
					</div>
					<div class='test-content hide'>
<div class='test-time-info'>
	<span class='label start-time'>Sep 22, 2022 05:32:11 PM</span>
	<span class='label end-time'>Sep 22, 2022 05:32:11 PM</span>
	<span class='label time-taken grey lighten-1 white-text'>0h 0m 0s+281ms</span>
</div>
<div class='test-steps'>
	<table class='bordered table-results'>
		<thead>
			<tr>
				<th>Status</th>
				<th>Timestamp</th>
				<th>Details</th>
			</tr>
		</thead>
		<tbody>
			<tr class='log' status='error'>
				<td class='status error' title='error' alt='error'><i class='material-icons'>error</i></td>
				<td class='timestamp'>5:32:11 PM</td>
				<td class='step-details'>
						Test Case: JMB_CASignUp_014 FAILED
					
				</td>
			</tr>
			<tr class='log' status='fail'>
				<td class='status fail' title='fail' alt='fail'><i class='material-icons'>cancel</i></td>
				<td class='timestamp'>5:32:11 PM</td>
				<td class='step-details'>
						TEST CASE FAILED TO java.lang.AssertionError: The following asserts failed:
	Test Failed! Message is: Please enter email address expected [true] but found [false]
					
				</td>
			</tr>
			<tr class='log' status='fail'>
				<td class='status fail' title='fail' alt='fail'><i class='material-icons'>cancel</i></td>
				<td class='timestamp'>5:32:11 PM</td>
				<td class='step-details'>
						Screenshot
					
				</td>
			</tr>
		</tbody>
	</table>
</div>
						<ul class='screenshots'>
							<li><img class='r-img' onerror='this.style.display="none"' data-featherlight='C:\Users\Roman Yarmolenko\IdeaProjects\JomboneAuto//ScreenshotsJMB_CASignUp_014.png' src='C:\Users\Roman Yarmolenko\IdeaProjects\JomboneAuto//ScreenshotsJMB_CASignUp_014.png' data-src='C:\Users\Roman Yarmolenko\IdeaProjects\JomboneAuto//ScreenshotsJMB_CASignUp_014.png'></li>
						</ul>
					</div>
				</li>
				<li class='test displayed active  pass' status='pass' bdd='false' test-id='15'>
					<div class='test-heading'>
						<span class='test-name'>JMB_CASignUp_015</span>
						<span class='test-time'>Sep 22, 2022 05:32:17 PM</span>
						<span class='test-status right pass'>pass</span>
					</div>
					<div class='test-content hide'>
<div class='test-time-info'>
	<span class='label start-time'>Sep 22, 2022 05:32:17 PM</span>
	<span class='label end-time'>Sep 22, 2022 05:32:17 PM</span>
	<span class='label time-taken grey lighten-1 white-text'>0h 0m 0s+0ms</span>
</div>
<div class='test-steps'>
	<table class='bordered table-results'>
		<thead>
			<tr>
				<th>Status</th>
				<th>Timestamp</th>
				<th>Details</th>
			</tr>
		</thead>
		<tbody>
			<tr class='log' status='pass'>
				<td class='status pass' title='pass' alt='pass'><i class='material-icons'>check_circle</i></td>
				<td class='timestamp'>5:32:17 PM</td>
				<td class='step-details'>
						Test Case PASSED IS JMB_CASignUp_015
					
				</td>
			</tr>
		</tbody>
	</table>
</div>
					</div>
				</li>
				<li class='test displayed active  pass' status='pass' bdd='false' test-id='16'>
					<div class='test-heading'>
						<span class='test-name'>JMB_CASignUp_016</span>
						<span class='test-time'>Sep 22, 2022 05:32:22 PM</span>
						<span class='test-status right pass'>pass</span>
					</div>
					<div class='test-content hide'>
<div class='test-time-info'>
	<span class='label start-time'>Sep 22, 2022 05:32:22 PM</span>
	<span class='label end-time'>Sep 22, 2022 05:32:22 PM</span>
	<span class='label time-taken grey lighten-1 white-text'>0h 0m 0s+0ms</span>
</div>
<div class='test-steps'>
	<table class='bordered table-results'>
		<thead>
			<tr>
				<th>Status</th>
				<th>Timestamp</th>
				<th>Details</th>
			</tr>
		</thead>
		<tbody>
			<tr class='log' status='pass'>
				<td class='status pass' title='pass' alt='pass'><i class='material-icons'>check_circle</i></td>
				<td class='timestamp'>5:32:22 PM</td>
				<td class='step-details'>
						Test Case PASSED IS JMB_CASignUp_016
					
				</td>
			</tr>
		</tbody>
	</table>
</div>
					</div>
				</li>
				<li class='test displayed active  fail' status='fail' bdd='false' test-id='17'>
					<div class='test-heading'>
						<span class='test-name'>JMB_CASignUp_017</span>
						<span class='test-time'>Sep 22, 2022 05:32:28 PM</span>
						<span class='test-status right fail'>fail</span>
					</div>
					<div class='test-content hide'>
<div class='test-time-info'>
	<span class='label start-time'>Sep 22, 2022 05:32:28 PM</span>
	<span class='label end-time'>Sep 22, 2022 05:32:28 PM</span>
	<span class='label time-taken grey lighten-1 white-text'>0h 0m 0s+354ms</span>
</div>
<div class='test-steps'>
	<table class='bordered table-results'>
		<thead>
			<tr>
				<th>Status</th>
				<th>Timestamp</th>
				<th>Details</th>
			</tr>
		</thead>
		<tbody>
			<tr class='log' status='error'>
				<td class='status error' title='error' alt='error'><i class='material-icons'>error</i></td>
				<td class='timestamp'>5:32:28 PM</td>
				<td class='step-details'>
						Test Case: JMB_CASignUp_017 FAILED
					
				</td>
			</tr>
			<tr class='log' status='fail'>
				<td class='status fail' title='fail' alt='fail'><i class='material-icons'>cancel</i></td>
				<td class='timestamp'>5:32:28 PM</td>
				<td class='step-details'>
						TEST CASE FAILED TO org.openqa.selenium.NoSuchElementException: no such element: Unable to locate element: {"method":"xpath","selector":"//span[@class="help-block errorMsg"]"}
  (Session info: chrome=105.0.5195.127)
For documentation on this error, please visit: https://selenium.dev/exceptions/#no_such_element
Build info: version: '4.1.0', revision: '87802e897b'
System info: host: 'HP-ANASTASIA-MU', ip: '192.168.1.81', os.name: 'Windows 10', os.arch: 'amd64', os.version: '10.0', java.version: '11.0.15'
Driver info: org.openqa.selenium.chrome.ChromeDriver
Command: [96c68086a7752342434c34872b01bf83, findElement {using=xpath, value=//span[@class="help-block errorMsg"]}]
Capabilities {acceptInsecureCerts: true, browserName: chrome, browserVersion: 105.0.5195.127, chrome: {chromedriverVersion: 105.0.5195.52 (412c95e51883..., userDataDir: C:\Users\ROMANY~1\AppData\L...}, goog:chromeOptions: {debuggerAddress: localhost:56761}, javascriptEnabled: true, networkConnectionEnabled: false, pageLoadStrategy: normal, platform: WINDOWS, platformName: WINDOWS, proxy: Proxy(), se:cdp: ws://localhost:56761/devtoo..., se:cdpVersion: 105.0.5195.127, setWindowRect: true, strictFileInteractability: false, timeouts: {implicit: 0, pageLoad: 300000, script: 30000}, unhandledPromptBehavior: dismiss and notify, webauthn:extension:credBlob: true, webauthn:extension:largeBlob: true, webauthn:virtualAuthenticators: true}
Session ID: 96c68086a7752342434c34872b01bf83
					
				</td>
			</tr>
			<tr class='log' status='fail'>
				<td class='status fail' title='fail' alt='fail'><i class='material-icons'>cancel</i></td>
				<td class='timestamp'>5:32:28 PM</td>
				<td class='step-details'>
						Screenshot
					
				</td>
			</tr>
		</tbody>
	</table>
</div>
						<ul class='screenshots'>
							<li><img class='r-img' onerror='this.style.display="none"' data-featherlight='C:\Users\Roman Yarmolenko\IdeaProjects\JomboneAuto//ScreenshotsJMB_CASignUp_017.png' src='C:\Users\Roman Yarmolenko\IdeaProjects\JomboneAuto//ScreenshotsJMB_CASignUp_017.png' data-src='C:\Users\Roman Yarmolenko\IdeaProjects\JomboneAuto//ScreenshotsJMB_CASignUp_017.png'></li>
						</ul>
					</div>
				</li>
				<li class='test displayed active  pass' status='pass' bdd='false' test-id='18'>
					<div class='test-heading'>
						<span class='test-name'>JMB_CASignUp_018</span>
						<span class='test-time'>Sep 22, 2022 05:32:42 PM</span>
						<span class='test-status right pass'>pass</span>
					</div>
					<div class='test-content hide'>
<div class='test-time-info'>
	<span class='label start-time'>Sep 22, 2022 05:32:42 PM</span>
	<span class='label end-time'>Sep 22, 2022 05:32:42 PM</span>
	<span class='label time-taken grey lighten-1 white-text'>0h 0m 0s+0ms</span>
</div>
<div class='test-steps'>
	<table class='bordered table-results'>
		<thead>
			<tr>
				<th>Status</th>
				<th>Timestamp</th>
				<th>Details</th>
			</tr>
		</thead>
		<tbody>
			<tr class='log' status='pass'>
				<td class='status pass' title='pass' alt='pass'><i class='material-icons'>check_circle</i></td>
				<td class='timestamp'>5:32:42 PM</td>
				<td class='step-details'>
						Test Case PASSED IS JMB_CASignUp_018
					
				</td>
			</tr>
		</tbody>
	</table>
</div>
					</div>
				</li>
				<li class='test displayed active  fail' status='fail' bdd='false' test-id='19'>
					<div class='test-heading'>
						<span class='test-name'>JMB_CASignUp_019</span>
						<span class='test-time'>Sep 22, 2022 05:32:51 PM</span>
						<span class='test-status right fail'>fail</span>
					</div>
					<div class='test-content hide'>
<div class='test-time-info'>
	<span class='label start-time'>Sep 22, 2022 05:32:51 PM</span>
	<span class='label end-time'>Sep 22, 2022 05:32:51 PM</span>
	<span class='label time-taken grey lighten-1 white-text'>0h 0m 0s+284ms</span>
</div>
<div class='test-steps'>
	<table class='bordered table-results'>
		<thead>
			<tr>
				<th>Status</th>
				<th>Timestamp</th>
				<th>Details</th>
			</tr>
		</thead>
		<tbody>
			<tr class='log' status='error'>
				<td class='status error' title='error' alt='error'><i class='material-icons'>error</i></td>
				<td class='timestamp'>5:32:51 PM</td>
				<td class='step-details'>
						Test Case: JMB_CASignUp_019 FAILED
					
				</td>
			</tr>
			<tr class='log' status='fail'>
				<td class='status fail' title='fail' alt='fail'><i class='material-icons'>cancel</i></td>
				<td class='timestamp'>5:32:51 PM</td>
				<td class='step-details'>
						TEST CASE FAILED TO java.lang.AssertionError: The following asserts failed:
	Test Failed. Page is : Verify your e-mail expected [false] but found [true]
					
				</td>
			</tr>
			<tr class='log' status='fail'>
				<td class='status fail' title='fail' alt='fail'><i class='material-icons'>cancel</i></td>
				<td class='timestamp'>5:32:51 PM</td>
				<td class='step-details'>
						Screenshot
					
				</td>
			</tr>
		</tbody>
	</table>
</div>
						<ul class='screenshots'>
							<li><img class='r-img' onerror='this.style.display="none"' data-featherlight='C:\Users\Roman Yarmolenko\IdeaProjects\JomboneAuto//ScreenshotsJMB_CASignUp_019.png' src='C:\Users\Roman Yarmolenko\IdeaProjects\JomboneAuto//ScreenshotsJMB_CASignUp_019.png' data-src='C:\Users\Roman Yarmolenko\IdeaProjects\JomboneAuto//ScreenshotsJMB_CASignUp_019.png'></li>
						</ul>
					</div>
				</li>
				<li class='test displayed active  pass' status='pass' bdd='false' test-id='20'>
					<div class='test-heading'>
						<span class='test-name'>JMB_CASignUp_020</span>
						<span class='test-time'>Sep 22, 2022 05:32:57 PM</span>
						<span class='test-status right pass'>pass</span>
					</div>
					<div class='test-content hide'>
<div class='test-time-info'>
	<span class='label start-time'>Sep 22, 2022 05:32:57 PM</span>
	<span class='label end-time'>Sep 22, 2022 05:32:57 PM</span>
	<span class='label time-taken grey lighten-1 white-text'>0h 0m 0s+0ms</span>
</div>
<div class='test-steps'>
	<table class='bordered table-results'>
		<thead>
			<tr>
				<th>Status</th>
				<th>Timestamp</th>
				<th>Details</th>
			</tr>
		</thead>
		<tbody>
			<tr class='log' status='pass'>
				<td class='status pass' title='pass' alt='pass'><i class='material-icons'>check_circle</i></td>
				<td class='timestamp'>5:32:57 PM</td>
				<td class='step-details'>
						Test Case PASSED IS JMB_CASignUp_020
					
				</td>
			</tr>
		</tbody>
	</table>
</div>
					</div>
				</li>
				<li class='test displayed active  pass' status='pass' bdd='false' test-id='21'>
					<div class='test-heading'>
						<span class='test-name'>JMB_CASignUp_021</span>
						<span class='test-time'>Sep 22, 2022 05:33:03 PM</span>
						<span class='test-status right pass'>pass</span>
					</div>
					<div class='test-content hide'>
<div class='test-time-info'>
	<span class='label start-time'>Sep 22, 2022 05:33:03 PM</span>
	<span class='label end-time'>Sep 22, 2022 05:33:03 PM</span>
	<span class='label time-taken grey lighten-1 white-text'>0h 0m 0s+0ms</span>
</div>
<div class='test-steps'>
	<table class='bordered table-results'>
		<thead>
			<tr>
				<th>Status</th>
				<th>Timestamp</th>
				<th>Details</th>
			</tr>
		</thead>
		<tbody>
			<tr class='log' status='pass'>
				<td class='status pass' title='pass' alt='pass'><i class='material-icons'>check_circle</i></td>
				<td class='timestamp'>5:33:03 PM</td>
				<td class='step-details'>
						Test Case PASSED IS JMB_CASignUp_021
					
				</td>
			</tr>
		</tbody>
	</table>
</div>
					</div>
				</li>
				<li class='test displayed active  pass' status='pass' bdd='false' test-id='22'>
					<div class='test-heading'>
						<span class='test-name'>JMB_CASignUp_022</span>
						<span class='test-time'>Sep 22, 2022 05:33:10 PM</span>
						<span class='test-status right pass'>pass</span>
					</div>
					<div class='test-content hide'>
<div class='test-time-info'>
	<span class='label start-time'>Sep 22, 2022 05:33:10 PM</span>
	<span class='label end-time'>Sep 22, 2022 05:33:10 PM</span>
	<span class='label time-taken grey lighten-1 white-text'>0h 0m 0s+0ms</span>
</div>
<div class='test-steps'>
	<table class='bordered table-results'>
		<thead>
			<tr>
				<th>Status</th>
				<th>Timestamp</th>
				<th>Details</th>
			</tr>
		</thead>
		<tbody>
			<tr class='log' status='pass'>
				<td class='status pass' title='pass' alt='pass'><i class='material-icons'>check_circle</i></td>
				<td class='timestamp'>5:33:10 PM</td>
				<td class='step-details'>
						Test Case PASSED IS JMB_CASignUp_022
					
				</td>
			</tr>
		</tbody>
	</table>
</div>
					</div>
				</li>
				<li class='test displayed active  pass' status='pass' bdd='false' test-id='23'>
					<div class='test-heading'>
						<span class='test-name'>JMB_CASignUp_023</span>
						<span class='test-time'>Sep 22, 2022 05:33:16 PM</span>
						<span class='test-status right pass'>pass</span>
					</div>
					<div class='test-content hide'>
<div class='test-time-info'>
	<span class='label start-time'>Sep 22, 2022 05:33:16 PM</span>
	<span class='label end-time'>Sep 22, 2022 05:33:16 PM</span>
	<span class='label time-taken grey lighten-1 white-text'>0h 0m 0s+1ms</span>
</div>
<div class='test-steps'>
	<table class='bordered table-results'>
		<thead>
			<tr>
				<th>Status</th>
				<th>Timestamp</th>
				<th>Details</th>
			</tr>
		</thead>
		<tbody>
			<tr class='log' status='pass'>
				<td class='status pass' title='pass' alt='pass'><i class='material-icons'>check_circle</i></td>
				<td class='timestamp'>5:33:16 PM</td>
				<td class='step-details'>
						Test Case PASSED IS JMB_CASignUp_023
					
				</td>
			</tr>
		</tbody>
	</table>
</div>
					</div>
				</li>
				<li class='test displayed active  pass' status='pass' bdd='false' test-id='24'>
					<div class='test-heading'>
						<span class='test-name'>JMB_CASignUp_024</span>
						<span class='test-time'>Sep 22, 2022 05:33:22 PM</span>
						<span class='test-status right pass'>pass</span>
					</div>
					<div class='test-content hide'>
<div class='test-time-info'>
	<span class='label start-time'>Sep 22, 2022 05:33:22 PM</span>
	<span class='label end-time'>Sep 22, 2022 05:33:22 PM</span>
	<span class='label time-taken grey lighten-1 white-text'>0h 0m 0s+0ms</span>
</div>
<div class='test-steps'>
	<table class='bordered table-results'>
		<thead>
			<tr>
				<th>Status</th>
				<th>Timestamp</th>
				<th>Details</th>
			</tr>
		</thead>
		<tbody>
			<tr class='log' status='pass'>
				<td class='status pass' title='pass' alt='pass'><i class='material-icons'>check_circle</i></td>
				<td class='timestamp'>5:33:22 PM</td>
				<td class='step-details'>
						Test Case PASSED IS JMB_CASignUp_024
					
				</td>
			</tr>
		</tbody>
	</table>
</div>
					</div>
				</li>
				<li class='test displayed active  pass' status='pass' bdd='false' test-id='25'>
					<div class='test-heading'>
						<span class='test-name'>JMB_CASignUp_025</span>
						<span class='test-time'>Sep 22, 2022 05:33:28 PM</span>
						<span class='test-status right pass'>pass</span>
					</div>
					<div class='test-content hide'>
<div class='test-time-info'>
	<span class='label start-time'>Sep 22, 2022 05:33:28 PM</span>
	<span class='label end-time'>Sep 22, 2022 05:33:28 PM</span>
	<span class='label time-taken grey lighten-1 white-text'>0h 0m 0s+0ms</span>
</div>
<div class='test-steps'>
	<table class='bordered table-results'>
		<thead>
			<tr>
				<th>Status</th>
				<th>Timestamp</th>
				<th>Details</th>
			</tr>
		</thead>
		<tbody>
			<tr class='log' status='pass'>
				<td class='status pass' title='pass' alt='pass'><i class='material-icons'>check_circle</i></td>
				<td class='timestamp'>5:33:28 PM</td>
				<td class='step-details'>
						Test Case PASSED IS JMB_CASignUp_025
					
				</td>
			</tr>
		</tbody>
	</table>
</div>
					</div>
				</li>
				<li class='test displayed active  pass' status='pass' bdd='false' test-id='26'>
					<div class='test-heading'>
						<span class='test-name'>JMB_CASignUp_026</span>
						<span class='test-time'>Sep 22, 2022 05:33:33 PM</span>
						<span class='test-status right pass'>pass</span>
					</div>
					<div class='test-content hide'>
<div class='test-time-info'>
	<span class='label start-time'>Sep 22, 2022 05:33:33 PM</span>
	<span class='label end-time'>Sep 22, 2022 05:33:33 PM</span>
	<span class='label time-taken grey lighten-1 white-text'>0h 0m 0s+0ms</span>
</div>
<div class='test-steps'>
	<table class='bordered table-results'>
		<thead>
			<tr>
				<th>Status</th>
				<th>Timestamp</th>
				<th>Details</th>
			</tr>
		</thead>
		<tbody>
			<tr class='log' status='pass'>
				<td class='status pass' title='pass' alt='pass'><i class='material-icons'>check_circle</i></td>
				<td class='timestamp'>5:33:33 PM</td>
				<td class='step-details'>
						Test Case PASSED IS JMB_CASignUp_026
					
				</td>
			</tr>
		</tbody>
	</table>
</div>
					</div>
				</li>
				<li class='test displayed active  pass' status='pass' bdd='false' test-id='27'>
					<div class='test-heading'>
						<span class='test-name'>JMB_CASignUp_028</span>
						<span class='test-time'>Sep 22, 2022 05:33:38 PM</span>
						<span class='test-status right pass'>pass</span>
					</div>
					<div class='test-content hide'>
<div class='test-time-info'>
	<span class='label start-time'>Sep 22, 2022 05:33:38 PM</span>
	<span class='label end-time'>Sep 22, 2022 05:33:38 PM</span>
	<span class='label time-taken grey lighten-1 white-text'>0h 0m 0s+0ms</span>
</div>
<div class='test-steps'>
	<table class='bordered table-results'>
		<thead>
			<tr>
				<th>Status</th>
				<th>Timestamp</th>
				<th>Details</th>
			</tr>
		</thead>
		<tbody>
			<tr class='log' status='pass'>
				<td class='status pass' title='pass' alt='pass'><i class='material-icons'>check_circle</i></td>
				<td class='timestamp'>5:33:38 PM</td>
				<td class='step-details'>
						Test Case PASSED IS JMB_CASignUp_028
					
				</td>
			</tr>
		</tbody>
	</table>
</div>
					</div>
				</li>
				<li class='test displayed active  pass' status='pass' bdd='false' test-id='28'>
					<div class='test-heading'>
						<span class='test-name'>JMB_CASignUp_034</span>
						<span class='test-time'>Sep 22, 2022 05:33:44 PM</span>
						<span class='test-status right pass'>pass</span>
					</div>
					<div class='test-content hide'>
<div class='test-time-info'>
	<span class='label start-time'>Sep 22, 2022 05:33:44 PM</span>
	<span class='label end-time'>Sep 22, 2022 05:33:44 PM</span>
	<span class='label time-taken grey lighten-1 white-text'>0h 0m 0s+0ms</span>
</div>
<div class='test-steps'>
	<table class='bordered table-results'>
		<thead>
			<tr>
				<th>Status</th>
				<th>Timestamp</th>
				<th>Details</th>
			</tr>
		</thead>
		<tbody>
			<tr class='log' status='pass'>
				<td class='status pass' title='pass' alt='pass'><i class='material-icons'>check_circle</i></td>
				<td class='timestamp'>5:33:44 PM</td>
				<td class='step-details'>
						Test Case PASSED IS JMB_CASignUp_034
					
				</td>
			</tr>
		</tbody>
	</table>
</div>
					</div>
				</li>
				<li class='test displayed active  fail' status='fail' bdd='false' test-id='29'>
					<div class='test-heading'>
						<span class='test-name'>JMB_CASignUp_037_1</span>
						<span class='test-time'>Sep 22, 2022 05:33:52 PM</span>
						<span class='test-status right fail'>fail</span>
					</div>
					<div class='test-content hide'>
<div class='test-time-info'>
	<span class='label start-time'>Sep 22, 2022 05:33:52 PM</span>
	<span class='label end-time'>Sep 22, 2022 05:33:53 PM</span>
	<span class='label time-taken grey lighten-1 white-text'>0h 0m 0s+249ms</span>
</div>
<div class='test-steps'>
	<table class='bordered table-results'>
		<thead>
			<tr>
				<th>Status</th>
				<th>Timestamp</th>
				<th>Details</th>
			</tr>
		</thead>
		<tbody>
			<tr class='log' status='error'>
				<td class='status error' title='error' alt='error'><i class='material-icons'>error</i></td>
				<td class='timestamp'>5:33:53 PM</td>
				<td class='step-details'>
						Test Case: JMB_CASignUp_037_1 FAILED
					
				</td>
			</tr>
			<tr class='log' status='fail'>
				<td class='status fail' title='fail' alt='fail'><i class='material-icons'>cancel</i></td>
				<td class='timestamp'>5:33:53 PM</td>
				<td class='step-details'>
						TEST CASE FAILED TO java.lang.AssertionError: The following asserts failed:
	Test Failed. Page is : Verify your e-mail expected [true] but found [false],
	Title font is not bold and is : 400 while bold is between 700 and 900 expected [true] but found [false]
					
				</td>
			</tr>
			<tr class='log' status='fail'>
				<td class='status fail' title='fail' alt='fail'><i class='material-icons'>cancel</i></td>
				<td class='timestamp'>5:33:53 PM</td>
				<td class='step-details'>
						Screenshot
					
				</td>
			</tr>
		</tbody>
	</table>
</div>
						<ul class='screenshots'>
							<li><img class='r-img' onerror='this.style.display="none"' data-featherlight='C:\Users\Roman Yarmolenko\IdeaProjects\JomboneAuto//ScreenshotsJMB_CASignUp_037_1.png' src='C:\Users\Roman Yarmolenko\IdeaProjects\JomboneAuto//ScreenshotsJMB_CASignUp_037_1.png' data-src='C:\Users\Roman Yarmolenko\IdeaProjects\JomboneAuto//ScreenshotsJMB_CASignUp_037_1.png'></li>
						</ul>
					</div>
				</li>
				<li class='test displayed active  pass' status='pass' bdd='false' test-id='30'>
					<div class='test-heading'>
						<span class='test-name'>JMB_CASignUp_037_2</span>
						<span class='test-time'>Sep 22, 2022 05:34:07 PM</span>
						<span class='test-status right pass'>pass</span>
					</div>
					<div class='test-content hide'>
<div class='test-time-info'>
	<span class='label start-time'>Sep 22, 2022 05:34:07 PM</span>
	<span class='label end-time'>Sep 22, 2022 05:34:07 PM</span>
	<span class='label time-taken grey lighten-1 white-text'>0h 0m 0s+0ms</span>
</div>
<div class='test-steps'>
	<table class='bordered table-results'>
		<thead>
			<tr>
				<th>Status</th>
				<th>Timestamp</th>
				<th>Details</th>
			</tr>
		</thead>
		<tbody>
			<tr class='log' status='pass'>
				<td class='status pass' title='pass' alt='pass'><i class='material-icons'>check_circle</i></td>
				<td class='timestamp'>5:34:07 PM</td>
				<td class='step-details'>
						Test Case PASSED IS JMB_CASignUp_037_2
					
				</td>
			</tr>
		</tbody>
	</table>
</div>
					</div>
				</li>
				<li class='test displayed active  pass' status='pass' bdd='false' test-id='31'>
					<div class='test-heading'>
						<span class='test-name'>JMB_CASignUp_037_3</span>
						<span class='test-time'>Sep 22, 2022 05:34:16 PM</span>
						<span class='test-status right pass'>pass</span>
					</div>
					<div class='test-content hide'>
<div class='test-time-info'>
	<span class='label start-time'>Sep 22, 2022 05:34:16 PM</span>
	<span class='label end-time'>Sep 22, 2022 05:34:16 PM</span>
	<span class='label time-taken grey lighten-1 white-text'>0h 0m 0s+0ms</span>
</div>
<div class='test-steps'>
	<table class='bordered table-results'>
		<thead>
			<tr>
				<th>Status</th>
				<th>Timestamp</th>
				<th>Details</th>
			</tr>
		</thead>
		<tbody>
			<tr class='log' status='pass'>
				<td class='status pass' title='pass' alt='pass'><i class='material-icons'>check_circle</i></td>
				<td class='timestamp'>5:34:16 PM</td>
				<td class='step-details'>
						Test Case PASSED IS JMB_CASignUp_037_3
					
				</td>
			</tr>
		</tbody>
	</table>
</div>
					</div>
				</li>
				<li class='test displayed active  pass' status='pass' bdd='false' test-id='32'>
					<div class='test-heading'>
						<span class='test-name'>JMB_CASignUp_037_4</span>
						<span class='test-time'>Sep 22, 2022 05:34:28 PM</span>
						<span class='test-status right pass'>pass</span>
					</div>
					<div class='test-content hide'>
<div class='test-time-info'>
	<span class='label start-time'>Sep 22, 2022 05:34:28 PM</span>
	<span class='label end-time'>Sep 22, 2022 05:34:28 PM</span>
	<span class='label time-taken grey lighten-1 white-text'>0h 0m 0s+0ms</span>
</div>
<div class='test-steps'>
	<table class='bordered table-results'>
		<thead>
			<tr>
				<th>Status</th>
				<th>Timestamp</th>
				<th>Details</th>
			</tr>
		</thead>
		<tbody>
			<tr class='log' status='pass'>
				<td class='status pass' title='pass' alt='pass'><i class='material-icons'>check_circle</i></td>
				<td class='timestamp'>5:34:28 PM</td>
				<td class='step-details'>
						Test Case PASSED IS JMB_CASignUp_037_4
					
				</td>
			</tr>
		</tbody>
	</table>
</div>
					</div>
				</li>
				<li class='test displayed active  pass' status='pass' bdd='false' test-id='33'>
					<div class='test-heading'>
						<span class='test-name'>JMB_CASignUp_037_5</span>
						<span class='test-time'>Sep 22, 2022 05:34:40 PM</span>
						<span class='test-status right pass'>pass</span>
					</div>
					<div class='test-content hide'>
<div class='test-time-info'>
	<span class='label start-time'>Sep 22, 2022 05:34:40 PM</span>
	<span class='label end-time'>Sep 22, 2022 05:34:40 PM</span>
	<span class='label time-taken grey lighten-1 white-text'>0h 0m 0s+0ms</span>
</div>
<div class='test-steps'>
	<table class='bordered table-results'>
		<thead>
			<tr>
				<th>Status</th>
				<th>Timestamp</th>
				<th>Details</th>
			</tr>
		</thead>
		<tbody>
			<tr class='log' status='pass'>
				<td class='status pass' title='pass' alt='pass'><i class='material-icons'>check_circle</i></td>
				<td class='timestamp'>5:34:40 PM</td>
				<td class='step-details'>
						Test Case PASSED IS JMB_CASignUp_037_5
					
				</td>
			</tr>
		</tbody>
	</table>
</div>
					</div>
				</li>
				<li class='test displayed active  fail' status='fail' bdd='false' test-id='34'>
					<div class='test-heading'>
						<span class='test-name'>JMB_CASignUp_038</span>
						<span class='test-time'>Sep 22, 2022 05:34:54 PM</span>
						<span class='test-status right fail'>fail</span>
					</div>
					<div class='test-content hide'>
<div class='test-time-info'>
	<span class='label start-time'>Sep 22, 2022 05:34:54 PM</span>
	<span class='label end-time'>Sep 22, 2022 05:34:54 PM</span>
	<span class='label time-taken grey lighten-1 white-text'>0h 0m 0s+484ms</span>
</div>
<div class='test-steps'>
	<table class='bordered table-results'>
		<thead>
			<tr>
				<th>Status</th>
				<th>Timestamp</th>
				<th>Details</th>
			</tr>
		</thead>
		<tbody>
			<tr class='log' status='error'>
				<td class='status error' title='error' alt='error'><i class='material-icons'>error</i></td>
				<td class='timestamp'>5:34:54 PM</td>
				<td class='step-details'>
						Test Case: JMB_CASignUp_038 FAILED
					
				</td>
			</tr>
			<tr class='log' status='fail'>
				<td class='status fail' title='fail' alt='fail'><i class='material-icons'>cancel</i></td>
				<td class='timestamp'>5:34:54 PM</td>
				<td class='step-details'>
						TEST CASE FAILED TO java.lang.AssertionError: The following asserts failed:
	Test Failed! expected [false] but found [true]
					
				</td>
			</tr>
			<tr class='log' status='fail'>
				<td class='status fail' title='fail' alt='fail'><i class='material-icons'>cancel</i></td>
				<td class='timestamp'>5:34:54 PM</td>
				<td class='step-details'>
						Screenshot
					
				</td>
			</tr>
		</tbody>
	</table>
</div>
						<ul class='screenshots'>
							<li><img class='r-img' onerror='this.style.display="none"' data-featherlight='C:\Users\Roman Yarmolenko\IdeaProjects\JomboneAuto//ScreenshotsJMB_CASignUp_038.png' src='C:\Users\Roman Yarmolenko\IdeaProjects\JomboneAuto//ScreenshotsJMB_CASignUp_038.png' data-src='C:\Users\Roman Yarmolenko\IdeaProjects\JomboneAuto//ScreenshotsJMB_CASignUp_038.png'></li>
						</ul>
					</div>
				</li>
				<li class='test displayed active  pass' status='pass' bdd='false' test-id='35'>
					<div class='test-heading'>
						<span class='test-name'>JMB_CASignUp_039</span>
						<span class='test-time'>Sep 22, 2022 05:35:07 PM</span>
						<span class='test-status right pass'>pass</span>
					</div>
					<div class='test-content hide'>
<div class='test-time-info'>
	<span class='label start-time'>Sep 22, 2022 05:35:07 PM</span>
	<span class='label end-time'>Sep 22, 2022 05:35:07 PM</span>
	<span class='label time-taken grey lighten-1 white-text'>0h 0m 0s+0ms</span>
</div>
<div class='test-steps'>
	<table class='bordered table-results'>
		<thead>
			<tr>
				<th>Status</th>
				<th>Timestamp</th>
				<th>Details</th>
			</tr>
		</thead>
		<tbody>
			<tr class='log' status='pass'>
				<td class='status pass' title='pass' alt='pass'><i class='material-icons'>check_circle</i></td>
				<td class='timestamp'>5:35:07 PM</td>
				<td class='step-details'>
						Test Case PASSED IS JMB_CASignUp_039
					
				</td>
			</tr>
		</tbody>
	</table>
</div>
					</div>
				</li>
				<li class='test displayed active  fail' status='fail' bdd='false' test-id='36'>
					<div class='test-heading'>
						<span class='test-name'>JMB_CASignUp_040</span>
						<span class='test-time'>Sep 22, 2022 05:35:35 PM</span>
						<span class='test-status right fail'>fail</span>
					</div>
					<div class='test-content hide'>
<div class='test-time-info'>
	<span class='label start-time'>Sep 22, 2022 05:35:35 PM</span>
	<span class='label end-time'>Sep 22, 2022 05:35:35 PM</span>
	<span class='label time-taken grey lighten-1 white-text'>0h 0m 0s+280ms</span>
</div>
<div class='test-steps'>
	<table class='bordered table-results'>
		<thead>
			<tr>
				<th>Status</th>
				<th>Timestamp</th>
				<th>Details</th>
			</tr>
		</thead>
		<tbody>
			<tr class='log' status='error'>
				<td class='status error' title='error' alt='error'><i class='material-icons'>error</i></td>
				<td class='timestamp'>5:35:35 PM</td>
				<td class='step-details'>
						Test Case: JMB_CASignUp_040 FAILED
					
				</td>
			</tr>
			<tr class='log' status='fail'>
				<td class='status fail' title='fail' alt='fail'><i class='material-icons'>cancel</i></td>
				<td class='timestamp'>5:35:35 PM</td>
				<td class='step-details'>
						TEST CASE FAILED TO org.openqa.selenium.TimeoutException: Expected condition failed: waiting for visibility of element located by By.xpath: lookingforjobTitle (tried for 10 second(s) with 500 milliseconds interval)
Build info: version: '4.1.0', revision: '87802e897b'
System info: host: 'HP-ANASTASIA-MU', ip: '192.168.1.81', os.name: 'Windows 10', os.arch: 'amd64', os.version: '10.0', java.version: '11.0.15'
Driver info: org.openqa.selenium.chrome.ChromeDriver
Capabilities {acceptInsecureCerts: true, browserName: chrome, browserVersion: 105.0.5195.127, chrome: {chromedriverVersion: 105.0.5195.52 (412c95e51883..., userDataDir: C:\Users\ROMANY~1\AppData\L...}, goog:chromeOptions: {debuggerAddress: localhost:57875}, javascriptEnabled: true, networkConnectionEnabled: false, pageLoadStrategy: normal, platform: WINDOWS, platformName: WINDOWS, proxy: Proxy(), se:cdp: ws://localhost:57875/devtoo..., se:cdpVersion: 105.0.5195.127, setWindowRect: true, strictFileInteractability: false, timeouts: {implicit: 0, pageLoad: 300000, script: 30000}, unhandledPromptBehavior: dismiss and notify, webauthn:extension:credBlob: true, webauthn:extension:largeBlob: true, webauthn:virtualAuthenticators: true}
Session ID: 4799fb31b9c3035684ec1e9bc9ce480f
					
				</td>
			</tr>
			<tr class='log' status='fail'>
				<td class='status fail' title='fail' alt='fail'><i class='material-icons'>cancel</i></td>
				<td class='timestamp'>5:35:35 PM</td>
				<td class='step-details'>
						Screenshot
					
				</td>
			</tr>
		</tbody>
	</table>
</div>
						<ul class='screenshots'>
							<li><img class='r-img' onerror='this.style.display="none"' data-featherlight='C:\Users\Roman Yarmolenko\IdeaProjects\JomboneAuto//ScreenshotsJMB_CASignUp_040.png' src='C:\Users\Roman Yarmolenko\IdeaProjects\JomboneAuto//ScreenshotsJMB_CASignUp_040.png' data-src='C:\Users\Roman Yarmolenko\IdeaProjects\JomboneAuto//ScreenshotsJMB_CASignUp_040.png'></li>
						</ul>
					</div>
				</li>
				<li class='test displayed active  pass' status='pass' bdd='false' test-id='37'>
					<div class='test-heading'>
						<span class='test-name'>JMB_CASignUp_041</span>
						<span class='test-time'>Sep 22, 2022 05:35:48 PM</span>
						<span class='test-status right pass'>pass</span>
					</div>
					<div class='test-content hide'>
<div class='test-time-info'>
	<span class='label start-time'>Sep 22, 2022 05:35:48 PM</span>
	<span class='label end-time'>Sep 22, 2022 05:35:48 PM</span>
	<span class='label time-taken grey lighten-1 white-text'>0h 0m 0s+0ms</span>
</div>
<div class='test-steps'>
	<table class='bordered table-results'>
		<thead>
			<tr>
				<th>Status</th>
				<th>Timestamp</th>
				<th>Details</th>
			</tr>
		</thead>
		<tbody>
			<tr class='log' status='pass'>
				<td class='status pass' title='pass' alt='pass'><i class='material-icons'>check_circle</i></td>
				<td class='timestamp'>5:35:48 PM</td>
				<td class='step-details'>
						Test Case PASSED IS JMB_CASignUp_041
					
				</td>
			</tr>
		</tbody>
	</table>
</div>
					</div>
				</li>
				<li class='test displayed active  pass' status='pass' bdd='false' test-id='38'>
					<div class='test-heading'>
						<span class='test-name'>JMB_CASignUp_042_1</span>
						<span class='test-time'>Sep 22, 2022 05:36:03 PM</span>
						<span class='test-status right pass'>pass</span>
					</div>
					<div class='test-content hide'>
<div class='test-time-info'>
	<span class='label start-time'>Sep 22, 2022 05:36:03 PM</span>
	<span class='label end-time'>Sep 22, 2022 05:36:03 PM</span>
	<span class='label time-taken grey lighten-1 white-text'>0h 0m 0s+0ms</span>
</div>
<div class='test-steps'>
	<table class='bordered table-results'>
		<thead>
			<tr>
				<th>Status</th>
				<th>Timestamp</th>
				<th>Details</th>
			</tr>
		</thead>
		<tbody>
			<tr class='log' status='pass'>
				<td class='status pass' title='pass' alt='pass'><i class='material-icons'>check_circle</i></td>
				<td class='timestamp'>5:36:03 PM</td>
				<td class='step-details'>
						Test Case PASSED IS JMB_CASignUp_042_1
					
				</td>
			</tr>
		</tbody>
	</table>
</div>
					</div>
				</li>
				<li class='test displayed active  fail' status='fail' bdd='false' test-id='39'>
					<div class='test-heading'>
						<span class='test-name'>JMB_CASignUp_042_2</span>
						<span class='test-time'>Sep 22, 2022 05:36:19 PM</span>
						<span class='test-status right fail'>fail</span>
					</div>
					<div class='test-content hide'>
<div class='test-time-info'>
	<span class='label start-time'>Sep 22, 2022 05:36:19 PM</span>
	<span class='label end-time'>Sep 22, 2022 05:36:20 PM</span>
	<span class='label time-taken grey lighten-1 white-text'>0h 0m 0s+380ms</span>
</div>
<div class='test-steps'>
	<table class='bordered table-results'>
		<thead>
			<tr>
				<th>Status</th>
				<th>Timestamp</th>
				<th>Details</th>
			</tr>
		</thead>
		<tbody>
			<tr class='log' status='error'>
				<td class='status error' title='error' alt='error'><i class='material-icons'>error</i></td>
				<td class='timestamp'>5:36:20 PM</td>
				<td class='step-details'>
						Test Case: JMB_CASignUp_042_2 FAILED
					
				</td>
			</tr>
			<tr class='log' status='fail'>
				<td class='status fail' title='fail' alt='fail'><i class='material-icons'>cancel</i></td>
				<td class='timestamp'>5:36:20 PM</td>
				<td class='step-details'>
						TEST CASE FAILED TO java.lang.AssertionError: The following asserts failed:
	Test Failed! Message is:  expected [true] but found [false]
					
				</td>
			</tr>
			<tr class='log' status='fail'>
				<td class='status fail' title='fail' alt='fail'><i class='material-icons'>cancel</i></td>
				<td class='timestamp'>5:36:20 PM</td>
				<td class='step-details'>
						Screenshot
					
				</td>
			</tr>
		</tbody>
	</table>
</div>
						<ul class='screenshots'>
							<li><img class='r-img' onerror='this.style.display="none"' data-featherlight='C:\Users\Roman Yarmolenko\IdeaProjects\JomboneAuto//ScreenshotsJMB_CASignUp_042_2.png' src='C:\Users\Roman Yarmolenko\IdeaProjects\JomboneAuto//ScreenshotsJMB_CASignUp_042_2.png' data-src='C:\Users\Roman Yarmolenko\IdeaProjects\JomboneAuto//ScreenshotsJMB_CASignUp_042_2.png'></li>
						</ul>
					</div>
				</li>
				<li class='test displayed active  pass' status='pass' bdd='false' test-id='40'>
					<div class='test-heading'>
						<span class='test-name'>JMB_CASignUp_042_2_1</span>
						<span class='test-time'>Sep 22, 2022 05:36:32 PM</span>
						<span class='test-status right pass'>pass</span>
					</div>
					<div class='test-content hide'>
<div class='test-time-info'>
	<span class='label start-time'>Sep 22, 2022 05:36:32 PM</span>
	<span class='label end-time'>Sep 22, 2022 05:36:32 PM</span>
	<span class='label time-taken grey lighten-1 white-text'>0h 0m 0s+0ms</span>
</div>
<div class='test-steps'>
	<table class='bordered table-results'>
		<thead>
			<tr>
				<th>Status</th>
				<th>Timestamp</th>
				<th>Details</th>
			</tr>
		</thead>
		<tbody>
			<tr class='log' status='pass'>
				<td class='status pass' title='pass' alt='pass'><i class='material-icons'>check_circle</i></td>
				<td class='timestamp'>5:36:32 PM</td>
				<td class='step-details'>
						Test Case PASSED IS JMB_CASignUp_042_2_1
					
				</td>
			</tr>
		</tbody>
	</table>
</div>
					</div>
				</li>
				<li class='test displayed active  pass' status='pass' bdd='false' test-id='41'>
					<div class='test-heading'>
						<span class='test-name'>JMB_CASignUp_044</span>
						<span class='test-time'>Sep 22, 2022 05:36:43 PM</span>
						<span class='test-status right pass'>pass</span>
					</div>
					<div class='test-content hide'>
<div class='test-time-info'>
	<span class='label start-time'>Sep 22, 2022 05:36:43 PM</span>
	<span class='label end-time'>Sep 22, 2022 05:36:43 PM</span>
	<span class='label time-taken grey lighten-1 white-text'>0h 0m 0s+0ms</span>
</div>
<div class='test-steps'>
	<table class='bordered table-results'>
		<thead>
			<tr>
				<th>Status</th>
				<th>Timestamp</th>
				<th>Details</th>
			</tr>
		</thead>
		<tbody>
			<tr class='log' status='pass'>
				<td class='status pass' title='pass' alt='pass'><i class='material-icons'>check_circle</i></td>
				<td class='timestamp'>5:36:43 PM</td>
				<td class='step-details'>
						Test Case PASSED IS JMB_CASignUp_044
					
				</td>
			</tr>
		</tbody>
	</table>
</div>
					</div>
				</li>
				<li class='test displayed active  pass' status='pass' bdd='false' test-id='42'>
					<div class='test-heading'>
						<span class='test-name'>JMB_CASignUp_045</span>
						<span class='test-time'>Sep 22, 2022 05:36:55 PM</span>
						<span class='test-status right pass'>pass</span>
					</div>
					<div class='test-content hide'>
<div class='test-time-info'>
	<span class='label start-time'>Sep 22, 2022 05:36:55 PM</span>
	<span class='label end-time'>Sep 22, 2022 05:36:55 PM</span>
	<span class='label time-taken grey lighten-1 white-text'>0h 0m 0s+0ms</span>
</div>
<div class='test-steps'>
	<table class='bordered table-results'>
		<thead>
			<tr>
				<th>Status</th>
				<th>Timestamp</th>
				<th>Details</th>
			</tr>
		</thead>
		<tbody>
			<tr class='log' status='pass'>
				<td class='status pass' title='pass' alt='pass'><i class='material-icons'>check_circle</i></td>
				<td class='timestamp'>5:36:55 PM</td>
				<td class='step-details'>
						Test Case PASSED IS JMB_CASignUp_045
					
				</td>
			</tr>
		</tbody>
	</table>
</div>
					</div>
				</li>
				<li class='test displayed active  fail' status='fail' bdd='false' test-id='43'>
					<div class='test-heading'>
						<span class='test-name'>JMB_CASignUp_046_1</span>
						<span class='test-time'>Sep 22, 2022 05:37:13 PM</span>
						<span class='test-status right fail'>fail</span>
					</div>
					<div class='test-content hide'>
<div class='test-time-info'>
	<span class='label start-time'>Sep 22, 2022 05:37:13 PM</span>
	<span class='label end-time'>Sep 22, 2022 05:37:13 PM</span>
	<span class='label time-taken grey lighten-1 white-text'>0h 0m 0s+269ms</span>
</div>
<div class='test-steps'>
	<table class='bordered table-results'>
		<thead>
			<tr>
				<th>Status</th>
				<th>Timestamp</th>
				<th>Details</th>
			</tr>
		</thead>
		<tbody>
			<tr class='log' status='error'>
				<td class='status error' title='error' alt='error'><i class='material-icons'>error</i></td>
				<td class='timestamp'>5:37:13 PM</td>
				<td class='step-details'>
						Test Case: JMB_CASignUp_046_1 FAILED
					
				</td>
			</tr>
			<tr class='log' status='fail'>
				<td class='status fail' title='fail' alt='fail'><i class='material-icons'>cancel</i></td>
				<td class='timestamp'>5:37:13 PM</td>
				<td class='step-details'>
						TEST CASE FAILED TO java.lang.AssertionError: The following asserts failed:
	Title font is not bold and is : 600while bold is between 700 and 900 expected [true] but found [false]
					
				</td>
			</tr>
			<tr class='log' status='fail'>
				<td class='status fail' title='fail' alt='fail'><i class='material-icons'>cancel</i></td>
				<td class='timestamp'>5:37:13 PM</td>
				<td class='step-details'>
						Screenshot
					
				</td>
			</tr>
		</tbody>
	</table>
</div>
						<ul class='screenshots'>
							<li><img class='r-img' onerror='this.style.display="none"' data-featherlight='C:\Users\Roman Yarmolenko\IdeaProjects\JomboneAuto//ScreenshotsJMB_CASignUp_046_1.png' src='C:\Users\Roman Yarmolenko\IdeaProjects\JomboneAuto//ScreenshotsJMB_CASignUp_046_1.png' data-src='C:\Users\Roman Yarmolenko\IdeaProjects\JomboneAuto//ScreenshotsJMB_CASignUp_046_1.png'></li>
						</ul>
					</div>
				</li>
				<li class='test displayed active  pass' status='pass' bdd='false' test-id='44'>
					<div class='test-heading'>
						<span class='test-name'>JMB_CASignUp_046_2</span>
						<span class='test-time'>Sep 22, 2022 05:37:27 PM</span>
						<span class='test-status right pass'>pass</span>
					</div>
					<div class='test-content hide'>
<div class='test-time-info'>
	<span class='label start-time'>Sep 22, 2022 05:37:27 PM</span>
	<span class='label end-time'>Sep 22, 2022 05:37:27 PM</span>
	<span class='label time-taken grey lighten-1 white-text'>0h 0m 0s+0ms</span>
</div>
<div class='test-steps'>
	<table class='bordered table-results'>
		<thead>
			<tr>
				<th>Status</th>
				<th>Timestamp</th>
				<th>Details</th>
			</tr>
		</thead>
		<tbody>
			<tr class='log' status='pass'>
				<td class='status pass' title='pass' alt='pass'><i class='material-icons'>check_circle</i></td>
				<td class='timestamp'>5:37:27 PM</td>
				<td class='step-details'>
						Test Case PASSED IS JMB_CASignUp_046_2
					
				</td>
			</tr>
		</tbody>
	</table>
</div>
					</div>
				</li>
				<li class='test displayed active  pass' status='pass' bdd='false' test-id='45'>
					<div class='test-heading'>
						<span class='test-name'>JMB_CASignUp_046_3</span>
						<span class='test-time'>Sep 22, 2022 05:37:40 PM</span>
						<span class='test-status right pass'>pass</span>
					</div>
					<div class='test-content hide'>
<div class='test-time-info'>
	<span class='label start-time'>Sep 22, 2022 05:37:40 PM</span>
	<span class='label end-time'>Sep 22, 2022 05:37:40 PM</span>
	<span class='label time-taken grey lighten-1 white-text'>0h 0m 0s+0ms</span>
</div>
<div class='test-steps'>
	<table class='bordered table-results'>
		<thead>
			<tr>
				<th>Status</th>
				<th>Timestamp</th>
				<th>Details</th>
			</tr>
		</thead>
		<tbody>
			<tr class='log' status='pass'>
				<td class='status pass' title='pass' alt='pass'><i class='material-icons'>check_circle</i></td>
				<td class='timestamp'>5:37:40 PM</td>
				<td class='step-details'>
						Test Case PASSED IS JMB_CASignUp_046_3
					
				</td>
			</tr>
		</tbody>
	</table>
</div>
					</div>
				</li>
				<li class='test displayed active  pass' status='pass' bdd='false' test-id='46'>
					<div class='test-heading'>
						<span class='test-name'>JMB_CASignUp_048</span>
						<span class='test-time'>Sep 22, 2022 05:38:03 PM</span>
						<span class='test-status right pass'>pass</span>
					</div>
					<div class='test-content hide'>
<div class='test-time-info'>
	<span class='label start-time'>Sep 22, 2022 05:38:03 PM</span>
	<span class='label end-time'>Sep 22, 2022 05:38:03 PM</span>
	<span class='label time-taken grey lighten-1 white-text'>0h 0m 0s+0ms</span>
</div>
<div class='test-steps'>
	<table class='bordered table-results'>
		<thead>
			<tr>
				<th>Status</th>
				<th>Timestamp</th>
				<th>Details</th>
			</tr>
		</thead>
		<tbody>
			<tr class='log' status='pass'>
				<td class='status pass' title='pass' alt='pass'><i class='material-icons'>check_circle</i></td>
				<td class='timestamp'>5:38:03 PM</td>
				<td class='step-details'>
						Test Case PASSED IS JMB_CASignUp_048
					
				</td>
			</tr>
		</tbody>
	</table>
</div>
					</div>
				</li>
				<li class='test displayed active  fail' status='fail' bdd='false' test-id='47'>
					<div class='test-heading'>
						<span class='test-name'>JMB_CASignUp_049</span>
						<span class='test-time'>Sep 22, 2022 05:38:49 PM</span>
						<span class='test-status right fail'>fail</span>
					</div>
					<div class='test-content hide'>
<div class='test-time-info'>
	<span class='label start-time'>Sep 22, 2022 05:38:49 PM</span>
	<span class='label end-time'>Sep 22, 2022 05:38:49 PM</span>
	<span class='label time-taken grey lighten-1 white-text'>0h 0m 0s+281ms</span>
</div>
<div class='test-steps'>
	<table class='bordered table-results'>
		<thead>
			<tr>
				<th>Status</th>
				<th>Timestamp</th>
				<th>Details</th>
			</tr>
		</thead>
		<tbody>
			<tr class='log' status='error'>
				<td class='status error' title='error' alt='error'><i class='material-icons'>error</i></td>
				<td class='timestamp'>5:38:49 PM</td>
				<td class='step-details'>
						Test Case: JMB_CASignUp_049 FAILED
					
				</td>
			</tr>
			<tr class='log' status='fail'>
				<td class='status fail' title='fail' alt='fail'><i class='material-icons'>cancel</i></td>
				<td class='timestamp'>5:38:49 PM</td>
				<td class='step-details'>
						TEST CASE FAILED TO org.openqa.selenium.TimeoutException: Expected condition failed: waiting for visibility of all [[[ChromeDriver: chrome on WINDOWS (7c87962c4d881bf83177312f0d369baa)] -> css selector: .pac-container]] (tried for 15 second(s) with 3000 milliseconds interval)
Build info: version: '4.1.0', revision: '87802e897b'
System info: host: 'HP-ANASTASIA-MU', ip: '192.168.1.81', os.name: 'Windows 10', os.arch: 'amd64', os.version: '10.0', java.version: '11.0.15'
Driver info: driver.version: unknown
					
				</td>
			</tr>
			<tr class='log' status='fail'>
				<td class='status fail' title='fail' alt='fail'><i class='material-icons'>cancel</i></td>
				<td class='timestamp'>5:38:49 PM</td>
				<td class='step-details'>
						Screenshot
					
				</td>
			</tr>
		</tbody>
	</table>
</div>
						<ul class='screenshots'>
							<li><img class='r-img' onerror='this.style.display="none"' data-featherlight='C:\Users\Roman Yarmolenko\IdeaProjects\JomboneAuto//ScreenshotsJMB_CASignUp_049.png' src='C:\Users\Roman Yarmolenko\IdeaProjects\JomboneAuto//ScreenshotsJMB_CASignUp_049.png' data-src='C:\Users\Roman Yarmolenko\IdeaProjects\JomboneAuto//ScreenshotsJMB_CASignUp_049.png'></li>
						</ul>
					</div>
				</li>
				<li class='test displayed active  fail' status='fail' bdd='false' test-id='48'>
					<div class='test-heading'>
						<span class='test-name'>JMB_CASignUp_050</span>
						<span class='test-time'>Sep 22, 2022 05:41:01 PM</span>
						<span class='test-status right fail'>fail</span>
					</div>
					<div class='test-content hide'>
<div class='test-time-info'>
	<span class='label start-time'>Sep 22, 2022 05:41:01 PM</span>
	<span class='label end-time'>Sep 22, 2022 05:41:02 PM</span>
	<span class='label time-taken grey lighten-1 white-text'>0h 0m 0s+481ms</span>
</div>
<div class='test-steps'>
	<table class='bordered table-results'>
		<thead>
			<tr>
				<th>Status</th>
				<th>Timestamp</th>
				<th>Details</th>
			</tr>
		</thead>
		<tbody>
			<tr class='log' status='error'>
				<td class='status error' title='error' alt='error'><i class='material-icons'>error</i></td>
				<td class='timestamp'>5:41:02 PM</td>
				<td class='step-details'>
						Test Case: JMB_CASignUp_050 FAILED
					
				</td>
			</tr>
			<tr class='log' status='fail'>
				<td class='status fail' title='fail' alt='fail'><i class='material-icons'>cancel</i></td>
				<td class='timestamp'>5:41:02 PM</td>
				<td class='step-details'>
						TEST CASE FAILED TO org.openqa.selenium.TimeoutException: Expected condition failed: waiting for visibility of all [[[ChromeDriver: chrome on WINDOWS (5fee312cd44d89863045075ee24a15af)] -> css selector: .pac-container]] (tried for 15 second(s) with 3000 milliseconds interval)
Build info: version: '4.1.0', revision: '87802e897b'
System info: host: 'HP-ANASTASIA-MU', ip: '192.168.1.81', os.name: 'Windows 10', os.arch: 'amd64', os.version: '10.0', java.version: '11.0.15'
Driver info: driver.version: unknown
					
				</td>
			</tr>
			<tr class='log' status='fail'>
				<td class='status fail' title='fail' alt='fail'><i class='material-icons'>cancel</i></td>
				<td class='timestamp'>5:41:02 PM</td>
				<td class='step-details'>
						Screenshot
					
				</td>
			</tr>
		</tbody>
	</table>
</div>
						<ul class='screenshots'>
							<li><img class='r-img' onerror='this.style.display="none"' data-featherlight='C:\Users\Roman Yarmolenko\IdeaProjects\JomboneAuto//ScreenshotsJMB_CASignUp_050.png' src='C:\Users\Roman Yarmolenko\IdeaProjects\JomboneAuto//ScreenshotsJMB_CASignUp_050.png' data-src='C:\Users\Roman Yarmolenko\IdeaProjects\JomboneAuto//ScreenshotsJMB_CASignUp_050.png'></li>
						</ul>
					</div>
				</li>
				<li class='test displayed active  pass' status='pass' bdd='false' test-id='49'>
					<div class='test-heading'>
						<span class='test-name'>JMB_CASignUp_051</span>
						<span class='test-time'>Sep 22, 2022 05:41:31 PM</span>
						<span class='test-status right pass'>pass</span>
					</div>
					<div class='test-content hide'>
<div class='test-time-info'>
	<span class='label start-time'>Sep 22, 2022 05:41:31 PM</span>
	<span class='label end-time'>Sep 22, 2022 05:41:31 PM</span>
	<span class='label time-taken grey lighten-1 white-text'>0h 0m 0s+0ms</span>
</div>
<div class='test-steps'>
	<table class='bordered table-results'>
		<thead>
			<tr>
				<th>Status</th>
				<th>Timestamp</th>
				<th>Details</th>
			</tr>
		</thead>
		<tbody>
			<tr class='log' status='pass'>
				<td class='status pass' title='pass' alt='pass'><i class='material-icons'>check_circle</i></td>
				<td class='timestamp'>5:41:31 PM</td>
				<td class='step-details'>
						Test Case PASSED IS JMB_CASignUp_051
					
				</td>
			</tr>
		</tbody>
	</table>
</div>
					</div>
				</li>
				<li class='test displayed active  pass' status='pass' bdd='false' test-id='50'>
					<div class='test-heading'>
						<span class='test-name'>JMB_CASignUp_052</span>
						<span class='test-time'>Sep 22, 2022 05:41:44 PM</span>
						<span class='test-status right pass'>pass</span>
					</div>
					<div class='test-content hide'>
<div class='test-time-info'>
	<span class='label start-time'>Sep 22, 2022 05:41:44 PM</span>
	<span class='label end-time'>Sep 22, 2022 05:41:44 PM</span>
	<span class='label time-taken grey lighten-1 white-text'>0h 0m 0s+0ms</span>
</div>
<div class='test-steps'>
	<table class='bordered table-results'>
		<thead>
			<tr>
				<th>Status</th>
				<th>Timestamp</th>
				<th>Details</th>
			</tr>
		</thead>
		<tbody>
			<tr class='log' status='pass'>
				<td class='status pass' title='pass' alt='pass'><i class='material-icons'>check_circle</i></td>
				<td class='timestamp'>5:41:44 PM</td>
				<td class='step-details'>
						Test Case PASSED IS JMB_CASignUp_052
					
				</td>
			</tr>
		</tbody>
	</table>
</div>
					</div>
				</li>
				<li class='test displayed active  fail' status='fail' bdd='false' test-id='51'>
					<div class='test-heading'>
						<span class='test-name'>JMB_CASignUp_053</span>
						<span class='test-time'>Sep 22, 2022 05:42:10 PM</span>
						<span class='test-status right fail'>fail</span>
					</div>
					<div class='test-content hide'>
<div class='test-time-info'>
	<span class='label start-time'>Sep 22, 2022 05:42:10 PM</span>
	<span class='label end-time'>Sep 22, 2022 05:42:10 PM</span>
	<span class='label time-taken grey lighten-1 white-text'>0h 0m 0s+323ms</span>
</div>
<div class='test-steps'>
	<table class='bordered table-results'>
		<thead>
			<tr>
				<th>Status</th>
				<th>Timestamp</th>
				<th>Details</th>
			</tr>
		</thead>
		<tbody>
			<tr class='log' status='error'>
				<td class='status error' title='error' alt='error'><i class='material-icons'>error</i></td>
				<td class='timestamp'>5:42:10 PM</td>
				<td class='step-details'>
						Test Case: JMB_CASignUp_053 FAILED
					
				</td>
			</tr>
			<tr class='log' status='fail'>
				<td class='status fail' title='fail' alt='fail'><i class='material-icons'>cancel</i></td>
				<td class='timestamp'>5:42:10 PM</td>
				<td class='step-details'>
						TEST CASE FAILED TO org.openqa.selenium.TimeoutException: Expected condition failed: waiting for visibility of Proxy element for: DefaultElementLocator 'By.xpath: //div[@class="loc_div_desk"]/div[contains(@class, 'alert alert-light')]' (tried for 5 second(s) with 1000 milliseconds interval)
					
				</td>
			</tr>
			<tr class='log' status='fail'>
				<td class='status fail' title='fail' alt='fail'><i class='material-icons'>cancel</i></td>
				<td class='timestamp'>5:42:10 PM</td>
				<td class='step-details'>
						Screenshot
					
				</td>
			</tr>
		</tbody>
	</table>
</div>
						<ul class='screenshots'>
							<li><img class='r-img' onerror='this.style.display="none"' data-featherlight='C:\Users\Roman Yarmolenko\IdeaProjects\JomboneAuto//ScreenshotsJMB_CASignUp_053.png' src='C:\Users\Roman Yarmolenko\IdeaProjects\JomboneAuto//ScreenshotsJMB_CASignUp_053.png' data-src='C:\Users\Roman Yarmolenko\IdeaProjects\JomboneAuto//ScreenshotsJMB_CASignUp_053.png'></li>
						</ul>
					</div>
				</li>
				<li class='test displayed active  pass' status='pass' bdd='false' test-id='52'>
					<div class='test-heading'>
						<span class='test-name'>JMB_CASignUp_055</span>
						<span class='test-time'>Sep 22, 2022 05:42:29 PM</span>
						<span class='test-status right pass'>pass</span>
					</div>
					<div class='test-content hide'>
<div class='test-time-info'>
	<span class='label start-time'>Sep 22, 2022 05:42:29 PM</span>
	<span class='label end-time'>Sep 22, 2022 05:42:29 PM</span>
	<span class='label time-taken grey lighten-1 white-text'>0h 0m 0s+0ms</span>
</div>
<div class='test-steps'>
	<table class='bordered table-results'>
		<thead>
			<tr>
				<th>Status</th>
				<th>Timestamp</th>
				<th>Details</th>
			</tr>
		</thead>
		<tbody>
			<tr class='log' status='pass'>
				<td class='status pass' title='pass' alt='pass'><i class='material-icons'>check_circle</i></td>
				<td class='timestamp'>5:42:29 PM</td>
				<td class='step-details'>
						Test Case PASSED IS JMB_CASignUp_055
					
				</td>
			</tr>
		</tbody>
	</table>
</div>
					</div>
				</li>
				<li class='test displayed active  pass' status='pass' bdd='false' test-id='53'>
					<div class='test-heading'>
						<span class='test-name'>JMB_CASignUp_056</span>
						<span class='test-time'>Sep 22, 2022 05:42:52 PM</span>
						<span class='test-status right pass'>pass</span>
					</div>
					<div class='test-content hide'>
<div class='test-time-info'>
	<span class='label start-time'>Sep 22, 2022 05:42:52 PM</span>
	<span class='label end-time'>Sep 22, 2022 05:42:52 PM</span>
	<span class='label time-taken grey lighten-1 white-text'>0h 0m 0s+0ms</span>
</div>
<div class='test-steps'>
	<table class='bordered table-results'>
		<thead>
			<tr>
				<th>Status</th>
				<th>Timestamp</th>
				<th>Details</th>
			</tr>
		</thead>
		<tbody>
			<tr class='log' status='pass'>
				<td class='status pass' title='pass' alt='pass'><i class='material-icons'>check_circle</i></td>
				<td class='timestamp'>5:42:52 PM</td>
				<td class='step-details'>
						Test Case PASSED IS JMB_CASignUp_056
					
				</td>
			</tr>
		</tbody>
	</table>
</div>
					</div>
				</li>
			</ul>
		</div>
	</div>
	<!-- subview left -->
	<div class='subview-right left'>
		<div class='view-summary'>
			<div id='step-filters' class="right sr-filters">
				<a class="btn-floating waves-effect waves-light green" status="pass" alt="pass" title="pass"><i class="material-icons">check_circle</i></a>
				<a class="btn-floating waves-effect waves-light red" status="fail" alt="fail" title="fail"><i class="material-icons">cancel</i></a>
				<a class="btn-floating waves-effect waves-light red darken-4" status="fatal" alt="fatal" title="fatal"><i class="material-icons">cancel</i></a>
				<a class="btn-floating waves-effect waves-light pink text-lighten-1" status="error" alt="error" title="error"><i class="material-icons">error</i></a>
				<a class="btn-floating waves-effect waves-light orange" alt="warning" status="warning" title="warning"><i class="material-icons">warning</i></a>
				<a class="btn-floating waves-effect waves-light teal" status="skip" alt="skip" title="skip"><i class="material-icons">redo</i></a>
				<a class="btn-floating waves-effect waves-light grey" status="clear" alt="Clear filters" title="Clear filters"><i class="material-icons">clear</i></a>
			</div>
			<h5 class='test-name'></h5>
		</div>
	</div>
	<!-- subview right -->
</div>
<!-- test view --><!-- category view --><!-- exception view --><div id='dashboard-view' class='view hide'>
	<div class='card-panel transparent np-v'>
		<h5>Dashboard</h5>

		<div class='row'>
			<div class='col s2'>
				<div class='card-panel r'>
					Tests
					<div class='panel-lead'>53</div>
				</div>
			</div>
			<div class='col s2'>
				<div class='card-panel r'>
					Steps
					<div class='panel-lead'>0</div>
				</div>
			</div>
			<div class='col s2'>
				<div class='card-panel r'>
					Start
					<div class='panel-lead'>Sep 22, 2022 05:30:50 PM</div>
				</div>
			</div>
			<div class='col s2'>
				<div class='card-panel r'>
			 		End
			 		<div class='panel-lead'>Sep 22, 2022 05:42:52 PM</div>
				</div>
			</div>
			<div class='col s2'>
				<div class='card-panel r'>
					Time Taken
					<div class='panel-lead'>0h 12m 2s+926ms</div>
				</div>
			</div>
			<div class='col s4'>
				<div class='card-panel dashboard-environment'>
					<span class='right label cyan white-text'>Environment</span><p>&nbsp;</p>
					
					<table>
						<tr>
							<th>Name</th>
							<th>Value</th>
						</tr>
							<tr>
								<td>Host name</td>
								<td>localhost</td>
							</tr>
							<tr>
								<td>Environment</td>
								<td>QA</td>
							</tr>
							<tr>
								<td>user</td>
								<td>busyQA</td>
							</tr>
							<tr>
								<td>OS</td>
								<td>Windows10</td>
							</tr>
							<tr>
								<td>Browser name</td>
								<td>Chrome,Firefox,IE</td>
							</tr>
					</table>
				</div>
			</div>
		</div>
	</div>
</div>
<!-- dashboard view -->
<!-- testrunner-logs view -->		</div>
		<!-- container -->
		<script>
			var statusGroup = {
                parentCount: 53,
				passParent: 37,
				failParent: 16,
				fatalParent: 0,
				errorParent: 0,
				warningParent: 0,
				skipParent: 0,
				exceptionsParent: 16,
				childCount: 0,
				passChild: 0,
				failChild: 0,
				fatalChild: 0,
				errorChild: 0,
				warningChild: 0,
				skipChild: 0,
				infoChild: 0,
				debugChild: 0,
				exceptionsChild: 0,
				grandChildCount: 0,
				passGrandChild: 0,
				failGrandChild: 0,
				fatalGrandChild: 0,
				errorGrandChild: 0,
				warningGrandChild: 0,
				skipGrandChild: 0,
				infoGrandChild: 0,
				debugGrandChild: 0,
				exceptionsGrandChild: 0,
			};
		</script>
		<script>
			var timeline = {
			        "JMB_CASignUp_001":0.001,"JMB_CASignUp_002":0,"JMB_CASignUp_003":0.36,"JMB_CASignUp_004":0,"JMB_CASignUp_005":0,"JMB_CASignUp_006":0,"JMB_CASignUp_007":0.385,"JMB_CASignUp_008":0,"JMB_CASignUp_009":0.331,"JMB_CASignUp_010":0.462,"JMB_CASignUp_011":0,"JMB_CASignUp_012":0,"JMB_CASignUp_013":0.366,"JMB_CASignUp_014":0.281,"JMB_CASignUp_015":0,"JMB_CASignUp_016":0,"JMB_CASignUp_017":0.354,"JMB_CASignUp_018":0,"JMB_CASignUp_019":0.284,"JMB_CASignUp_020":0,"JMB_CASignUp_021":0,"JMB_CASignUp_022":0,"JMB_CASignUp_023":0.001,"JMB_CASignUp_024":0,"JMB_CASignUp_025":0,"JMB_CASignUp_026":0,"JMB_CASignUp_028":0,"JMB_CASignUp_034":0,"JMB_CASignUp_037_1":0.249,"JMB_CASignUp_037_2":0,"JMB_CASignUp_037_3":0,"JMB_CASignUp_037_4":0,"JMB_CASignUp_037_5":0,"JMB_CASignUp_038":0.484,"JMB_CASignUp_039":0,"JMB_CASignUp_040":0.28,"JMB_CASignUp_041":0,"JMB_CASignUp_042_1":0,"JMB_CASignUp_042_2":0.38,"JMB_CASignUp_042_2_1":0,"JMB_CASignUp_044":0,"JMB_CASignUp_045":0,"JMB_CASignUp_046_1":0.269,"JMB_CASignUp_046_2":0,"JMB_CASignUp_046_3":0,"JMB_CASignUp_048":0,"JMB_CASignUp_049":0.281,"JMB_CASignUp_050":0.481,"JMB_CASignUp_051":0,"JMB_CASignUp_052":0,"JMB_CASignUp_053":0.323,"JMB_CASignUp_055":0,"JMB_CASignUp_056":0
			};
		</script>
		<script src='https://cdn.rawgit.com/extent-framework/extent-github-cdn/b65cd69/v3html/js/extent.js' type='text/javascript'></script>
		<script type='text/javascript'>
		</script>
	</body>
</html>